<?xml version='1.0' encoding='UTF-8'?>
<testsuite hostname="ThinkPad-X280" name="CoreModulesTester" tests="1" errors="0" failures="0" skipped="0" time="3.01" timestamp="2025-05-07T21:41:13">
          <properties>
[...]
</properties>
          <testcase classname="CoreModulesTester" name="RiscV Core Reset Sequence should generate VCD file" time="3.01">
                      
                    </testcase>
          <system-out><![CDATA[]]></system-out>
          <system-err><![CDATA[]]></system-err>
        </testsuite>